-- The C compiler identification is GNU 13.3.0
-- The CXX compiler identification is GNU 13.3.0
-- Detecting C compiler ABI info
-- Detecting C compiler ABI info - done
-- Check for working C compiler: /usr/bin/cc - skipped
-- Detecting C compile features
-- Detecting C compile features - done
-- Detecting CXX compiler ABI info
-- Detecting CXX compiler ABI info - done
-- Check for working CXX compiler: /usr/bin/c++ - skipped
-- Detecting CXX compile features
-- Detecting CXX compile features - done
-- Found ament_cmake: 2.5.3 (/opt/ros/jazzy/share/ament_cmake/cmake)
-- Found Python3: /usr/bin/python3 (found version "3.12.3") found components: Interpreter 
-- Found rclcpp: 28.1.6 (/opt/ros/jazzy/share/rclcpp/cmake)
-- Found rosidl_generator_c: 4.6.5 (/opt/ros/jazzy/share/rosidl_generator_c/cmake)
-- Found rosidl_generator_cpp: 4.6.5 (/opt/ros/jazzy/share/rosidl_generator_cpp/cmake)
-- Using all available rosidl_typesupport_c: rosidl_typesupport_fastrtps_c;rosidl_typesupport_introspection_c
-- Using all available rosidl_typesupport_cpp: rosidl_typesupport_fastrtps_cpp;rosidl_typesupport_introspection_cpp
-- Found rmw_implementation_cmake: 7.3.1 (/opt/ros/jazzy/share/rmw_implementation_cmake/cmake)
-- Found rmw_fastrtps_cpp: 8.4.1 (/opt/ros/jazzy/share/rmw_fastrtps_cpp/cmake)
-- Found OpenSSL: /usr/lib/x86_64-linux-gnu/libcrypto.so (found version "3.0.13")  
-- Found FastRTPS: /opt/ros/jazzy/include (Required is at least version "2.13") 
-- Using RMW implementation 'rmw_fastrtps_cpp' as default
-- Found sensor_msgs: 5.3.5 (/opt/ros/jazzy/share/sensor_msgs/cmake)
-- Found ament_lint_auto: 0.17.1 (/opt/ros/jazzy/share/ament_lint_auto/cmake)
-- Added test 'cppcheck' to perform static code analysis on C / C++ code
-- Configured cppcheck include dirs: /home/donghy/SI190C/src/joint_kinematics_node/include
-- Configured cppcheck exclude dirs and/or files: 
-- Added test 'flake8' to check Python code syntax and style conventions
-- Configured 'flake8' exclude dirs and/or files: 
-- Added test 'lint_cmake' to check CMake code style
-- Added test 'pep257' to check Python code against some of the docstring style conventions in PEP 257
-- Added test 'uncrustify' to check C / C++ code style
-- Configured uncrustify additional arguments: 
-- Added test 'xmllint' to check XML markup files
-- Configuring done (1.1s)
-- Generating done (0.0s)
-- Build files have been written to: /home/donghy/SI190C/build/joint_kinematics_node
[ 25%] [32mBuilding CXX object CMakeFiles/dh_server.dir/src/DH_server.cpp.o[0m
[ 25%] [32mBuilding CXX object CMakeFiles/utility.dir/src/utility.cpp.o[0m
[ 37%] [32mBuilding CXX object CMakeFiles/pose_publisher.dir/test/pose_publisher.cpp.o[0m
[ 50%] [32m[1mLinking CXX static library libutility.a[0m
[ 50%] Built target utility
[ 62%] [32m[1mLinking CXX static library libdh_server.a[0m
[ 62%] Built target dh_server
[ 75%] [32mBuilding CXX object CMakeFiles/joint_kinematics_node.dir/src/joint_kinematics_node.cpp.o[0m
[ 87%] [32m[1mLinking CXX executable pose_publisher[0m
[ 87%] Built target pose_publisher
[100%] [32m[1mLinking CXX executable joint_kinematics_node[0m
[100%] Built target joint_kinematics_node
-- Install configuration: ""
-- Installing: /home/donghy/SI190C/install/joint_kinematics_node/lib/joint_kinematics_node/joint_kinematics_node
-- Set non-toolchain portion of runtime path of "/home/donghy/SI190C/install/joint_kinematics_node/lib/joint_kinematics_node/joint_kinematics_node" to ""
-- Installing: /home/donghy/SI190C/install/joint_kinematics_node/lib/joint_kinematics_node/pose_publisher
-- Set non-toolchain portion of runtime path of "/home/donghy/SI190C/install/joint_kinematics_node/lib/joint_kinematics_node/pose_publisher" to ""
-- Installing: /home/donghy/SI190C/install/joint_kinematics_node/share/joint_kinematics_node/launch
-- Installing: /home/donghy/SI190C/install/joint_kinematics_node/share/joint_kinematics_node/launch/__pycache__
-- Installing: /home/donghy/SI190C/install/joint_kinematics_node/share/joint_kinematics_node/launch/__pycache__/kinematics_node.launch.cpython-312.pyc
-- Installing: /home/donghy/SI190C/install/joint_kinematics_node/share/joint_kinematics_node/launch/kinematics_node.launch.py
-- Installing: /home/donghy/SI190C/install/joint_kinematics_node/share/joint_kinematics_node/config
-- Installing: /home/donghy/SI190C/install/joint_kinematics_node/share/joint_kinematics_node/config/dh_params.yaml
-- Installing: /home/donghy/SI190C/install/joint_kinematics_node/share/ament_index/resource_index/package_run_dependencies/joint_kinematics_node
-- Installing: /home/donghy/SI190C/install/joint_kinematics_node/share/ament_index/resource_index/parent_prefix_path/joint_kinematics_node
-- Installing: /home/donghy/SI190C/install/joint_kinematics_node/share/joint_kinematics_node/environment/ament_prefix_path.sh
-- Installing: /home/donghy/SI190C/install/joint_kinematics_node/share/joint_kinematics_node/environment/ament_prefix_path.dsv
-- Installing: /home/donghy/SI190C/install/joint_kinematics_node/share/joint_kinematics_node/environment/path.sh
-- Installing: /home/donghy/SI190C/install/joint_kinematics_node/share/joint_kinematics_node/environment/path.dsv
-- Installing: /home/donghy/SI190C/install/joint_kinematics_node/share/joint_kinematics_node/local_setup.bash
-- Installing: /home/donghy/SI190C/install/joint_kinematics_node/share/joint_kinematics_node/local_setup.sh
-- Installing: /home/donghy/SI190C/install/joint_kinematics_node/share/joint_kinematics_node/local_setup.zsh
-- Installing: /home/donghy/SI190C/install/joint_kinematics_node/share/joint_kinematics_node/local_setup.dsv
-- Installing: /home/donghy/SI190C/install/joint_kinematics_node/share/joint_kinematics_node/package.dsv
-- Installing: /home/donghy/SI190C/install/joint_kinematics_node/share/ament_index/resource_index/packages/joint_kinematics_node
-- Installing: /home/donghy/SI190C/install/joint_kinematics_node/share/joint_kinematics_node/cmake/joint_kinematics_nodeConfig.cmake
-- Installing: /home/donghy/SI190C/install/joint_kinematics_node/share/joint_kinematics_node/cmake/joint_kinematics_nodeConfig-version.cmake
-- Installing: /home/donghy/SI190C/install/joint_kinematics_node/share/joint_kinematics_node/package.xml
