[0.161s] Invoking command in '/home/donghy/SI190C/build/my_robot': CMAKE_PREFIX_PATH=${CMAKE_PREFIX_PATH}:/opt/ros/jazzy DEBUGINFOD_URLS=https://debuginfod.ubuntu.com /usr/bin/cmake /home/donghy/SI190C/src/my_robot -DCMAKE_INSTALL_PREFIX=/home/donghy/SI190C/install/my_robot
[0.242s] -- The C compiler identification is GNU 13.3.0
[0.302s] -- The CXX compiler identification is GNU 13.3.0
[0.315s] -- Detecting C compiler ABI info
[0.388s] -- Detecting C compiler ABI info - done
[0.395s] -- Check for working C compiler: /usr/bin/cc - skipped
[0.395s] -- Detecting C compile features
[0.395s] -- Detecting C compile features - done
[0.403s] -- Detecting CXX compiler ABI info
[0.485s] -- Detecting CXX compiler ABI info - done
[0.494s] -- Check for working CXX compiler: /usr/bin/c++ - skipped
[0.494s] -- Detecting CXX compile features
[0.495s] -- Detecting CXX compile features - done
[0.498s] -- Found ament_cmake: 2.5.3 (/opt/ros/jazzy/share/ament_cmake/cmake)
[0.615s] -- Found Python3: /usr/bin/python3 (found version "3.12.3") found components: Interpreter 
[0.732s] -- Found xacro: 2.0.11 (/opt/ros/jazzy/share/xacro/cmake)
[0.735s] -- Found ament_lint_auto: 0.17.1 (/opt/ros/jazzy/share/ament_lint_auto/cmake)
[0.831s] -- Added test 'flake8' to check Python code syntax and style conventions
[0.831s] -- Configured 'flake8' exclude dirs and/or files: 
[0.831s] -- Added test 'lint_cmake' to check CMake code style
[0.832s] -- Added test 'pep257' to check Python code against some of the docstring style conventions in PEP 257
[0.833s] -- Added test 'xmllint' to check XML markup files
[0.834s] -- Configuring done (0.7s)
[0.836s] -- Generating done (0.0s)
[0.837s] -- Build files have been written to: /home/donghy/SI190C/build/my_robot
[0.842s] Invoked command in '/home/donghy/SI190C/build/my_robot' returned '0': CMAKE_PREFIX_PATH=${CMAKE_PREFIX_PATH}:/opt/ros/jazzy DEBUGINFOD_URLS=https://debuginfod.ubuntu.com /usr/bin/cmake /home/donghy/SI190C/src/my_robot -DCMAKE_INSTALL_PREFIX=/home/donghy/SI190C/install/my_robot
[0.843s] Invoking command in '/home/donghy/SI190C/build/my_robot': CMAKE_PREFIX_PATH=${CMAKE_PREFIX_PATH}:/opt/ros/jazzy DEBUGINFOD_URLS=https://debuginfod.ubuntu.com /usr/bin/cmake --build /home/donghy/SI190C/build/my_robot -- -j12 -l12
[0.873s] Invoked command in '/home/donghy/SI190C/build/my_robot' returned '0': CMAKE_PREFIX_PATH=${CMAKE_PREFIX_PATH}:/opt/ros/jazzy DEBUGINFOD_URLS=https://debuginfod.ubuntu.com /usr/bin/cmake --build /home/donghy/SI190C/build/my_robot -- -j12 -l12
[0.874s] Invoking command in '/home/donghy/SI190C/build/my_robot': CMAKE_PREFIX_PATH=${CMAKE_PREFIX_PATH}:/opt/ros/jazzy DEBUGINFOD_URLS=https://debuginfod.ubuntu.com /usr/bin/cmake --install /home/donghy/SI190C/build/my_robot
[0.880s] -- Install configuration: ""
[0.880s] -- Installing: /home/donghy/SI190C/install/my_robot/share/my_robot/urdf
[0.880s] -- Installing: /home/donghy/SI190C/install/my_robot/share/my_robot/urdf/my.urdf
[0.880s] -- Installing: /home/donghy/SI190C/install/my_robot/share/my_robot/meshes
[0.880s] -- Installing: /home/donghy/SI190C/install/my_robot/share/my_robot/meshes/joint2.STL
[0.881s] -- Installing: /home/donghy/SI190C/install/my_robot/share/my_robot/meshes/base.STL
[0.881s] -- Installing: /home/donghy/SI190C/install/my_robot/share/my_robot/meshes/joint5.STL
[0.881s] -- Installing: /home/donghy/SI190C/install/my_robot/share/my_robot/meshes/joint1.STL
[0.881s] -- Installing: /home/donghy/SI190C/install/my_robot/share/my_robot/meshes/joint3.STL
[0.881s] -- Installing: /home/donghy/SI190C/install/my_robot/share/my_robot/meshes/joint4.STL
[0.881s] -- Installing: /home/donghy/SI190C/install/my_robot/share/my_robot/launch
[0.881s] -- Installing: /home/donghy/SI190C/install/my_robot/share/my_robot/launch/display.launch.py
[0.881s] -- Installing: /home/donghy/SI190C/install/my_robot/share/my_robot/launch/pose.launch.py
[0.881s] -- Installing: /home/donghy/SI190C/install/my_robot/share/my_robot/rviz
[0.882s] -- Installing: /home/donghy/SI190C/install/my_robot/share/my_robot/rviz/urdf.rviz
[0.882s] -- Installing: /home/donghy/SI190C/install/my_robot/share/ament_index/resource_index/package_run_dependencies/my_robot
[0.882s] -- Installing: /home/donghy/SI190C/install/my_robot/share/ament_index/resource_index/parent_prefix_path/my_robot
[0.882s] -- Installing: /home/donghy/SI190C/install/my_robot/share/my_robot/environment/ament_prefix_path.sh
[0.882s] -- Installing: /home/donghy/SI190C/install/my_robot/share/my_robot/environment/ament_prefix_path.dsv
[0.882s] -- Installing: /home/donghy/SI190C/install/my_robot/share/my_robot/environment/path.sh
[0.882s] -- Installing: /home/donghy/SI190C/install/my_robot/share/my_robot/environment/path.dsv
[0.882s] -- Installing: /home/donghy/SI190C/install/my_robot/share/my_robot/local_setup.bash
[0.883s] -- Installing: /home/donghy/SI190C/install/my_robot/share/my_robot/local_setup.sh
[0.883s] -- Installing: /home/donghy/SI190C/install/my_robot/share/my_robot/local_setup.zsh
[0.883s] -- Installing: /home/donghy/SI190C/install/my_robot/share/my_robot/local_setup.dsv
[0.883s] -- Installing: /home/donghy/SI190C/install/my_robot/share/my_robot/package.dsv
[0.883s] -- Installing: /home/donghy/SI190C/install/my_robot/share/ament_index/resource_index/packages/my_robot
[0.883s] -- Installing: /home/donghy/SI190C/install/my_robot/share/my_robot/cmake/my_robotConfig.cmake
[0.883s] -- Installing: /home/donghy/SI190C/install/my_robot/share/my_robot/cmake/my_robotConfig-version.cmake
[0.883s] -- Installing: /home/donghy/SI190C/install/my_robot/share/my_robot/package.xml
[0.889s] Invoked command in '/home/donghy/SI190C/build/my_robot' returned '0': CMAKE_PREFIX_PATH=${CMAKE_PREFIX_PATH}:/opt/ros/jazzy DEBUGINFOD_URLS=https://debuginfod.ubuntu.com /usr/bin/cmake --install /home/donghy/SI190C/build/my_robot
