[0.087s] DEBUG:colcon:Command line arguments: ['/usr/bin/colcon', 'build']
[0.087s] DEBUG:colcon:Parsed command line arguments: Namespace(log_base=None, log_level=None, verb_name='build', build_base='build', install_base='install', merge_install=False, symlink_install=False, test_result_base=None, continue_on_error=False, executor='parallel', parallel_workers=12, event_handlers=None, ignore_user_meta=False, metas=['./colcon.meta'], base_paths=['.'], packages_ignore=None, packages_ignore_regex=None, paths=None, packages_up_to=None, packages_up_to_regex=None, packages_above=None, packages_above_and_dependencies=None, packages_above_depth=None, packages_select_by_dep=None, packages_skip_by_dep=None, packages_skip_up_to=None, packages_select_build_failed=False, packages_skip_build_finished=False, packages_select_test_failures=False, packages_skip_test_passed=False, packages_select=None, packages_skip=None, packages_select_regex=None, packages_skip_regex=None, packages_start=None, packages_end=None, allow_overriding=[], cmake_args=None, cmake_target=None, cmake_target_skip_unavailable=False, cmake_clean_cache=False, cmake_clean_first=False, cmake_force_configure=False, ament_cmake_args=None, catkin_cmake_args=None, catkin_skip_building_tests=False, mixin_files=None, mixin=None, verb_parser=<colcon_mixin.mixin.mixin_argument.MixinArgumentDecorator object at 0x7a1167bcf170>, verb_extension=<colcon_core.verb.build.BuildVerb object at 0x7a1167cf7350>, main=<bound method BuildVerb.main of <colcon_core.verb.build.BuildVerb object at 0x7a1167cf7350>>, mixin_verb=('build',))
[0.121s] Level 1:colcon.colcon_core.package_discovery:discover_packages(colcon_meta) check parameters
[0.121s] Level 1:colcon.colcon_core.package_discovery:discover_packages(recursive) check parameters
[0.121s] Level 1:colcon.colcon_core.package_discovery:discover_packages(ignore) check parameters
[0.121s] Level 1:colcon.colcon_core.package_discovery:discover_packages(path) check parameters
[0.121s] Level 1:colcon.colcon_core.package_discovery:discover_packages(colcon_meta) discover
[0.121s] Level 1:colcon.colcon_core.package_discovery:discover_packages(recursive) discover
[0.121s] INFO:colcon.colcon_core.package_discovery:Crawling recursively for packages in '/home/donghy/SI190C'
[0.121s] Level 1:colcon.colcon_core.package_identification:_identify(.) by extensions ['ignore', 'ignore_ament_install']
[0.121s] Level 1:colcon.colcon_core.package_identification:_identify(.) by extension 'ignore'
[0.121s] Level 1:colcon.colcon_core.package_identification:_identify(.) by extension 'ignore_ament_install'
[0.121s] Level 1:colcon.colcon_core.package_identification:_identify(.) by extensions ['colcon_pkg']
[0.121s] Level 1:colcon.colcon_core.package_identification:_identify(.) by extension 'colcon_pkg'
[0.121s] Level 1:colcon.colcon_core.package_identification:_identify(.) by extensions ['colcon_meta']
[0.121s] Level 1:colcon.colcon_core.package_identification:_identify(.) by extension 'colcon_meta'
[0.121s] Level 1:colcon.colcon_core.package_identification:_identify(.) by extensions ['ros']
[0.121s] Level 1:colcon.colcon_core.package_identification:_identify(.) by extension 'ros'
[0.141s] Level 1:colcon.colcon_core.package_identification:_identify(.) by extensions ['cmake', 'python']
[0.141s] Level 1:colcon.colcon_core.package_identification:_identify(.) by extension 'cmake'
[0.141s] Level 1:colcon.colcon_core.package_identification:_identify(.) by extension 'python'
[0.141s] Level 1:colcon.colcon_core.package_identification:_identify(.) by extensions ['python_setup_py']
[0.141s] Level 1:colcon.colcon_core.package_identification:_identify(.) by extension 'python_setup_py'
[0.141s] Level 1:colcon.colcon_core.package_identification:_identify(build) by extensions ['ignore', 'ignore_ament_install']
[0.141s] Level 1:colcon.colcon_core.package_identification:_identify(build) by extension 'ignore'
[0.141s] Level 1:colcon.colcon_core.package_identification:_identify(build) ignored
[0.141s] Level 1:colcon.colcon_core.package_identification:_identify(install) by extensions ['ignore', 'ignore_ament_install']
[0.141s] Level 1:colcon.colcon_core.package_identification:_identify(install) by extension 'ignore'
[0.141s] Level 1:colcon.colcon_core.package_identification:_identify(install) ignored
[0.141s] Level 1:colcon.colcon_core.package_identification:_identify(log) by extensions ['ignore', 'ignore_ament_install']
[0.141s] Level 1:colcon.colcon_core.package_identification:_identify(log) by extension 'ignore'
[0.141s] Level 1:colcon.colcon_core.package_identification:_identify(log) ignored
[0.142s] Level 1:colcon.colcon_core.package_identification:_identify(report) by extensions ['ignore', 'ignore_ament_install']
[0.142s] Level 1:colcon.colcon_core.package_identification:_identify(report) by extension 'ignore'
[0.142s] Level 1:colcon.colcon_core.package_identification:_identify(report) by extension 'ignore_ament_install'
[0.142s] Level 1:colcon.colcon_core.package_identification:_identify(report) by extensions ['colcon_pkg']
[0.142s] Level 1:colcon.colcon_core.package_identification:_identify(report) by extension 'colcon_pkg'
[0.142s] Level 1:colcon.colcon_core.package_identification:_identify(report) by extensions ['colcon_meta']
[0.142s] Level 1:colcon.colcon_core.package_identification:_identify(report) by extension 'colcon_meta'
[0.142s] Level 1:colcon.colcon_core.package_identification:_identify(report) by extensions ['ros']
[0.142s] Level 1:colcon.colcon_core.package_identification:_identify(report) by extension 'ros'
[0.142s] Level 1:colcon.colcon_core.package_identification:_identify(report) by extensions ['cmake', 'python']
[0.142s] Level 1:colcon.colcon_core.package_identification:_identify(report) by extension 'cmake'
[0.142s] Level 1:colcon.colcon_core.package_identification:_identify(report) by extension 'python'
[0.142s] Level 1:colcon.colcon_core.package_identification:_identify(report) by extensions ['python_setup_py']
[0.142s] Level 1:colcon.colcon_core.package_identification:_identify(report) by extension 'python_setup_py'
[0.142s] Level 1:colcon.colcon_core.package_identification:_identify(src) by extensions ['ignore', 'ignore_ament_install']
[0.142s] Level 1:colcon.colcon_core.package_identification:_identify(src) by extension 'ignore'
[0.142s] Level 1:colcon.colcon_core.package_identification:_identify(src) by extension 'ignore_ament_install'
[0.142s] Level 1:colcon.colcon_core.package_identification:_identify(src) by extensions ['colcon_pkg']
[0.142s] Level 1:colcon.colcon_core.package_identification:_identify(src) by extension 'colcon_pkg'
[0.142s] Level 1:colcon.colcon_core.package_identification:_identify(src) by extensions ['colcon_meta']
[0.142s] Level 1:colcon.colcon_core.package_identification:_identify(src) by extension 'colcon_meta'
[0.142s] Level 1:colcon.colcon_core.package_identification:_identify(src) by extensions ['ros']
[0.142s] Level 1:colcon.colcon_core.package_identification:_identify(src) by extension 'ros'
[0.142s] Level 1:colcon.colcon_core.package_identification:_identify(src) by extensions ['cmake', 'python']
[0.142s] Level 1:colcon.colcon_core.package_identification:_identify(src) by extension 'cmake'
[0.142s] Level 1:colcon.colcon_core.package_identification:_identify(src) by extension 'python'
[0.142s] Level 1:colcon.colcon_core.package_identification:_identify(src) by extensions ['python_setup_py']
[0.142s] Level 1:colcon.colcon_core.package_identification:_identify(src) by extension 'python_setup_py'
[0.142s] Level 1:colcon.colcon_core.package_identification:_identify(src/coordination_publisher) by extensions ['ignore', 'ignore_ament_install']
[0.143s] Level 1:colcon.colcon_core.package_identification:_identify(src/coordination_publisher) by extension 'ignore'
[0.143s] Level 1:colcon.colcon_core.package_identification:_identify(src/coordination_publisher) by extension 'ignore_ament_install'
[0.143s] Level 1:colcon.colcon_core.package_identification:_identify(src/coordination_publisher) by extensions ['colcon_pkg']
[0.143s] Level 1:colcon.colcon_core.package_identification:_identify(src/coordination_publisher) by extension 'colcon_pkg'
[0.143s] Level 1:colcon.colcon_core.package_identification:_identify(src/coordination_publisher) by extensions ['colcon_meta']
[0.143s] Level 1:colcon.colcon_core.package_identification:_identify(src/coordination_publisher) by extension 'colcon_meta'
[0.143s] Level 1:colcon.colcon_core.package_identification:_identify(src/coordination_publisher) by extensions ['ros']
[0.143s] Level 1:colcon.colcon_core.package_identification:_identify(src/coordination_publisher) by extension 'ros'
[0.144s] DEBUG:colcon.colcon_core.package_identification:Package 'src/coordination_publisher' with type 'ros.ament_python' and name 'coordination_publisher'
[0.144s] Level 1:colcon.colcon_core.package_identification:_identify(src/joint_comm_node) by extensions ['ignore', 'ignore_ament_install']
[0.145s] Level 1:colcon.colcon_core.package_identification:_identify(src/joint_comm_node) by extension 'ignore'
[0.145s] Level 1:colcon.colcon_core.package_identification:_identify(src/joint_comm_node) by extension 'ignore_ament_install'
[0.145s] Level 1:colcon.colcon_core.package_identification:_identify(src/joint_comm_node) by extensions ['colcon_pkg']
[0.145s] Level 1:colcon.colcon_core.package_identification:_identify(src/joint_comm_node) by extension 'colcon_pkg'
[0.145s] Level 1:colcon.colcon_core.package_identification:_identify(src/joint_comm_node) by extensions ['colcon_meta']
[0.145s] Level 1:colcon.colcon_core.package_identification:_identify(src/joint_comm_node) by extension 'colcon_meta'
[0.145s] Level 1:colcon.colcon_core.package_identification:_identify(src/joint_comm_node) by extensions ['ros']
[0.145s] Level 1:colcon.colcon_core.package_identification:_identify(src/joint_comm_node) by extension 'ros'
[0.145s] DEBUG:colcon.colcon_core.package_identification:Package 'src/joint_comm_node' with type 'ros.ament_cmake' and name 'joint_comm_node'
[0.145s] Level 1:colcon.colcon_core.package_identification:_identify(src/joint_kinematics_node) by extensions ['ignore', 'ignore_ament_install']
[0.145s] Level 1:colcon.colcon_core.package_identification:_identify(src/joint_kinematics_node) by extension 'ignore'
[0.145s] Level 1:colcon.colcon_core.package_identification:_identify(src/joint_kinematics_node) by extension 'ignore_ament_install'
[0.145s] Level 1:colcon.colcon_core.package_identification:_identify(src/joint_kinematics_node) by extensions ['colcon_pkg']
[0.145s] Level 1:colcon.colcon_core.package_identification:_identify(src/joint_kinematics_node) by extension 'colcon_pkg'
[0.145s] Level 1:colcon.colcon_core.package_identification:_identify(src/joint_kinematics_node) by extensions ['colcon_meta']
[0.145s] Level 1:colcon.colcon_core.package_identification:_identify(src/joint_kinematics_node) by extension 'colcon_meta'
[0.145s] Level 1:colcon.colcon_core.package_identification:_identify(src/joint_kinematics_node) by extensions ['ros']
[0.145s] Level 1:colcon.colcon_core.package_identification:_identify(src/joint_kinematics_node) by extension 'ros'
[0.146s] DEBUG:colcon.colcon_core.package_identification:Package 'src/joint_kinematics_node' with type 'ros.ament_cmake' and name 'joint_kinematics_node'
[0.146s] Level 1:colcon.colcon_core.package_identification:_identify(src/my_robot) by extensions ['ignore', 'ignore_ament_install']
[0.146s] Level 1:colcon.colcon_core.package_identification:_identify(src/my_robot) by extension 'ignore'
[0.146s] Level 1:colcon.colcon_core.package_identification:_identify(src/my_robot) by extension 'ignore_ament_install'
[0.146s] Level 1:colcon.colcon_core.package_identification:_identify(src/my_robot) by extensions ['colcon_pkg']
[0.146s] Level 1:colcon.colcon_core.package_identification:_identify(src/my_robot) by extension 'colcon_pkg'
[0.146s] Level 1:colcon.colcon_core.package_identification:_identify(src/my_robot) by extensions ['colcon_meta']
[0.146s] Level 1:colcon.colcon_core.package_identification:_identify(src/my_robot) by extension 'colcon_meta'
[0.146s] Level 1:colcon.colcon_core.package_identification:_identify(src/my_robot) by extensions ['ros']
[0.146s] Level 1:colcon.colcon_core.package_identification:_identify(src/my_robot) by extension 'ros'
[0.146s] DEBUG:colcon.colcon_core.package_identification:Package 'src/my_robot' with type 'ros.ament_cmake' and name 'my_robot'
[0.146s] Level 1:colcon.colcon_core.package_identification:_identify(src/my_urdf_launch) by extensions ['ignore', 'ignore_ament_install']
[0.146s] Level 1:colcon.colcon_core.package_identification:_identify(src/my_urdf_launch) by extension 'ignore'
[0.146s] Level 1:colcon.colcon_core.package_identification:_identify(src/my_urdf_launch) by extension 'ignore_ament_install'
[0.147s] Level 1:colcon.colcon_core.package_identification:_identify(src/my_urdf_launch) by extensions ['colcon_pkg']
[0.147s] Level 1:colcon.colcon_core.package_identification:_identify(src/my_urdf_launch) by extension 'colcon_pkg'
[0.147s] Level 1:colcon.colcon_core.package_identification:_identify(src/my_urdf_launch) by extensions ['colcon_meta']
[0.147s] Level 1:colcon.colcon_core.package_identification:_identify(src/my_urdf_launch) by extension 'colcon_meta'
[0.147s] Level 1:colcon.colcon_core.package_identification:_identify(src/my_urdf_launch) by extensions ['ros']
[0.147s] Level 1:colcon.colcon_core.package_identification:_identify(src/my_urdf_launch) by extension 'ros'
[0.147s] DEBUG:colcon.colcon_core.package_identification:Package 'src/my_urdf_launch' with type 'ros.ament_cmake' and name 'my_urdf_launch'
[0.147s] Level 1:colcon.colcon_core.package_discovery:discover_packages(recursive) using defaults
[0.147s] Level 1:colcon.colcon_core.package_discovery:discover_packages(ignore) discover
[0.147s] Level 1:colcon.colcon_core.package_discovery:discover_packages(ignore) using defaults
[0.147s] Level 1:colcon.colcon_core.package_discovery:discover_packages(path) discover
[0.147s] Level 1:colcon.colcon_core.package_discovery:discover_packages(path) using defaults
[0.160s] Level 1:colcon.colcon_core.package_discovery:discover_packages(prefix_path) check parameters
[0.160s] Level 1:colcon.colcon_core.package_discovery:discover_packages(prefix_path) discover
[0.165s] DEBUG:colcon.colcon_installed_package_information.package_discovery:Found 473 installed packages in /opt/ros/jazzy
[0.166s] Level 1:colcon.colcon_core.package_discovery:discover_packages(prefix_path) using defaults
[0.198s] Level 5:colcon.colcon_core.verb:set package 'coordination_publisher' build argument 'cmake_args' from command line to 'None'
[0.198s] Level 5:colcon.colcon_core.verb:set package 'coordination_publisher' build argument 'cmake_target' from command line to 'None'
[0.198s] Level 5:colcon.colcon_core.verb:set package 'coordination_publisher' build argument 'cmake_target_skip_unavailable' from command line to 'False'
[0.198s] Level 5:colcon.colcon_core.verb:set package 'coordination_publisher' build argument 'cmake_clean_cache' from command line to 'False'
[0.198s] Level 5:colcon.colcon_core.verb:set package 'coordination_publisher' build argument 'cmake_clean_first' from command line to 'False'
[0.198s] Level 5:colcon.colcon_core.verb:set package 'coordination_publisher' build argument 'cmake_force_configure' from command line to 'False'
[0.198s] Level 5:colcon.colcon_core.verb:set package 'coordination_publisher' build argument 'ament_cmake_args' from command line to 'None'
[0.198s] Level 5:colcon.colcon_core.verb:set package 'coordination_publisher' build argument 'catkin_cmake_args' from command line to 'None'
[0.198s] Level 5:colcon.colcon_core.verb:set package 'coordination_publisher' build argument 'catkin_skip_building_tests' from command line to 'False'
[0.198s] DEBUG:colcon.colcon_core.verb:Building package 'coordination_publisher' with the following arguments: {'ament_cmake_args': None, 'build_base': '/home/donghy/SI190C/build/coordination_publisher', 'catkin_cmake_args': None, 'catkin_skip_building_tests': False, 'cmake_args': None, 'cmake_clean_cache': False, 'cmake_clean_first': False, 'cmake_force_configure': False, 'cmake_target': None, 'cmake_target_skip_unavailable': False, 'install_base': '/home/donghy/SI190C/install/coordination_publisher', 'merge_install': False, 'path': '/home/donghy/SI190C/src/coordination_publisher', 'symlink_install': False, 'test_result_base': None}
[0.198s] Level 5:colcon.colcon_core.verb:set package 'joint_comm_node' build argument 'cmake_args' from command line to 'None'
[0.198s] Level 5:colcon.colcon_core.verb:set package 'joint_comm_node' build argument 'cmake_target' from command line to 'None'
[0.198s] Level 5:colcon.colcon_core.verb:set package 'joint_comm_node' build argument 'cmake_target_skip_unavailable' from command line to 'False'
[0.198s] Level 5:colcon.colcon_core.verb:set package 'joint_comm_node' build argument 'cmake_clean_cache' from command line to 'False'
[0.198s] Level 5:colcon.colcon_core.verb:set package 'joint_comm_node' build argument 'cmake_clean_first' from command line to 'False'
[0.198s] Level 5:colcon.colcon_core.verb:set package 'joint_comm_node' build argument 'cmake_force_configure' from command line to 'False'
[0.198s] Level 5:colcon.colcon_core.verb:set package 'joint_comm_node' build argument 'ament_cmake_args' from command line to 'None'
[0.198s] Level 5:colcon.colcon_core.verb:set package 'joint_comm_node' build argument 'catkin_cmake_args' from command line to 'None'
[0.198s] Level 5:colcon.colcon_core.verb:set package 'joint_comm_node' build argument 'catkin_skip_building_tests' from command line to 'False'
[0.198s] DEBUG:colcon.colcon_core.verb:Building package 'joint_comm_node' with the following arguments: {'ament_cmake_args': None, 'build_base': '/home/donghy/SI190C/build/joint_comm_node', 'catkin_cmake_args': None, 'catkin_skip_building_tests': False, 'cmake_args': None, 'cmake_clean_cache': False, 'cmake_clean_first': False, 'cmake_force_configure': False, 'cmake_target': None, 'cmake_target_skip_unavailable': False, 'install_base': '/home/donghy/SI190C/install/joint_comm_node', 'merge_install': False, 'path': '/home/donghy/SI190C/src/joint_comm_node', 'symlink_install': False, 'test_result_base': None}
[0.198s] Level 5:colcon.colcon_core.verb:set package 'joint_kinematics_node' build argument 'cmake_args' from command line to 'None'
[0.198s] Level 5:colcon.colcon_core.verb:set package 'joint_kinematics_node' build argument 'cmake_target' from command line to 'None'
[0.198s] Level 5:colcon.colcon_core.verb:set package 'joint_kinematics_node' build argument 'cmake_target_skip_unavailable' from command line to 'False'
[0.198s] Level 5:colcon.colcon_core.verb:set package 'joint_kinematics_node' build argument 'cmake_clean_cache' from command line to 'False'
[0.198s] Level 5:colcon.colcon_core.verb:set package 'joint_kinematics_node' build argument 'cmake_clean_first' from command line to 'False'
[0.198s] Level 5:colcon.colcon_core.verb:set package 'joint_kinematics_node' build argument 'cmake_force_configure' from command line to 'False'
[0.198s] Level 5:colcon.colcon_core.verb:set package 'joint_kinematics_node' build argument 'ament_cmake_args' from command line to 'None'
[0.198s] Level 5:colcon.colcon_core.verb:set package 'joint_kinematics_node' build argument 'catkin_cmake_args' from command line to 'None'
[0.198s] Level 5:colcon.colcon_core.verb:set package 'joint_kinematics_node' build argument 'catkin_skip_building_tests' from command line to 'False'
[0.198s] DEBUG:colcon.colcon_core.verb:Building package 'joint_kinematics_node' with the following arguments: {'ament_cmake_args': None, 'build_base': '/home/donghy/SI190C/build/joint_kinematics_node', 'catkin_cmake_args': None, 'catkin_skip_building_tests': False, 'cmake_args': None, 'cmake_clean_cache': False, 'cmake_clean_first': False, 'cmake_force_configure': False, 'cmake_target': None, 'cmake_target_skip_unavailable': False, 'install_base': '/home/donghy/SI190C/install/joint_kinematics_node', 'merge_install': False, 'path': '/home/donghy/SI190C/src/joint_kinematics_node', 'symlink_install': False, 'test_result_base': None}
[0.198s] Level 5:colcon.colcon_core.verb:set package 'my_robot' build argument 'cmake_args' from command line to 'None'
[0.198s] Level 5:colcon.colcon_core.verb:set package 'my_robot' build argument 'cmake_target' from command line to 'None'
[0.198s] Level 5:colcon.colcon_core.verb:set package 'my_robot' build argument 'cmake_target_skip_unavailable' from command line to 'False'
[0.198s] Level 5:colcon.colcon_core.verb:set package 'my_robot' build argument 'cmake_clean_cache' from command line to 'False'
[0.198s] Level 5:colcon.colcon_core.verb:set package 'my_robot' build argument 'cmake_clean_first' from command line to 'False'
[0.198s] Level 5:colcon.colcon_core.verb:set package 'my_robot' build argument 'cmake_force_configure' from command line to 'False'
[0.198s] Level 5:colcon.colcon_core.verb:set package 'my_robot' build argument 'ament_cmake_args' from command line to 'None'
[0.198s] Level 5:colcon.colcon_core.verb:set package 'my_robot' build argument 'catkin_cmake_args' from command line to 'None'
[0.198s] Level 5:colcon.colcon_core.verb:set package 'my_robot' build argument 'catkin_skip_building_tests' from command line to 'False'
[0.198s] DEBUG:colcon.colcon_core.verb:Building package 'my_robot' with the following arguments: {'ament_cmake_args': None, 'build_base': '/home/donghy/SI190C/build/my_robot', 'catkin_cmake_args': None, 'catkin_skip_building_tests': False, 'cmake_args': None, 'cmake_clean_cache': False, 'cmake_clean_first': False, 'cmake_force_configure': False, 'cmake_target': None, 'cmake_target_skip_unavailable': False, 'install_base': '/home/donghy/SI190C/install/my_robot', 'merge_install': False, 'path': '/home/donghy/SI190C/src/my_robot', 'symlink_install': False, 'test_result_base': None}
[0.199s] Level 5:colcon.colcon_core.verb:set package 'my_urdf_launch' build argument 'cmake_args' from command line to 'None'
[0.199s] Level 5:colcon.colcon_core.verb:set package 'my_urdf_launch' build argument 'cmake_target' from command line to 'None'
[0.199s] Level 5:colcon.colcon_core.verb:set package 'my_urdf_launch' build argument 'cmake_target_skip_unavailable' from command line to 'False'
[0.199s] Level 5:colcon.colcon_core.verb:set package 'my_urdf_launch' build argument 'cmake_clean_cache' from command line to 'False'
[0.199s] Level 5:colcon.colcon_core.verb:set package 'my_urdf_launch' build argument 'cmake_clean_first' from command line to 'False'
[0.199s] Level 5:colcon.colcon_core.verb:set package 'my_urdf_launch' build argument 'cmake_force_configure' from command line to 'False'
[0.199s] Level 5:colcon.colcon_core.verb:set package 'my_urdf_launch' build argument 'ament_cmake_args' from command line to 'None'
[0.199s] Level 5:colcon.colcon_core.verb:set package 'my_urdf_launch' build argument 'catkin_cmake_args' from command line to 'None'
[0.199s] Level 5:colcon.colcon_core.verb:set package 'my_urdf_launch' build argument 'catkin_skip_building_tests' from command line to 'False'
[0.199s] DEBUG:colcon.colcon_core.verb:Building package 'my_urdf_launch' with the following arguments: {'ament_cmake_args': None, 'build_base': '/home/donghy/SI190C/build/my_urdf_launch', 'catkin_cmake_args': None, 'catkin_skip_building_tests': False, 'cmake_args': None, 'cmake_clean_cache': False, 'cmake_clean_first': False, 'cmake_force_configure': False, 'cmake_target': None, 'cmake_target_skip_unavailable': False, 'install_base': '/home/donghy/SI190C/install/my_urdf_launch', 'merge_install': False, 'path': '/home/donghy/SI190C/src/my_urdf_launch', 'symlink_install': False, 'test_result_base': None}
[0.199s] INFO:colcon.colcon_core.executor:Executing jobs using 'parallel' executor
[0.200s] DEBUG:colcon.colcon_parallel_executor.executor.parallel:run_until_complete
[0.200s] INFO:colcon.colcon_ros.task.ament_python.build:Building ROS package in '/home/donghy/SI190C/src/coordination_publisher' with build type 'ament_python'
[0.200s] Level 1:colcon.colcon_core.shell:create_environment_hook('coordination_publisher', 'ament_prefix_path')
[0.202s] INFO:colcon.colcon_core.plugin_system:Skipping extension 'colcon_core.shell.bat': Not used on non-Windows systems
[0.203s] INFO:colcon.colcon_core.shell:Creating environment hook '/home/donghy/SI190C/install/coordination_publisher/share/coordination_publisher/hook/ament_prefix_path.ps1'
[0.203s] INFO:colcon.colcon_core.shell:Creating environment descriptor '/home/donghy/SI190C/install/coordination_publisher/share/coordination_publisher/hook/ament_prefix_path.dsv'
[0.204s] INFO:colcon.colcon_core.shell:Creating environment hook '/home/donghy/SI190C/install/coordination_publisher/share/coordination_publisher/hook/ament_prefix_path.sh'
[0.204s] INFO:colcon.colcon_core.shell:Skip shell extension 'powershell' for command environment: Not usable outside of PowerShell
[0.204s] DEBUG:colcon.colcon_core.shell:Skip shell extension 'dsv' for command environment
[0.206s] INFO:colcon.colcon_ros.task.ament_cmake.build:Building ROS package in '/home/donghy/SI190C/src/joint_comm_node' with build type 'ament_cmake'
[0.206s] INFO:colcon.colcon_cmake.task.cmake.build:Building CMake package in '/home/donghy/SI190C/src/joint_comm_node'
[0.206s] INFO:colcon.colcon_core.shell:Skip shell extension 'powershell' for command environment: Not usable outside of PowerShell
[0.206s] DEBUG:colcon.colcon_core.shell:Skip shell extension 'dsv' for command environment
[0.208s] INFO:colcon.colcon_ros.task.ament_cmake.build:Building ROS package in '/home/donghy/SI190C/src/joint_kinematics_node' with build type 'ament_cmake'
[0.208s] INFO:colcon.colcon_cmake.task.cmake.build:Building CMake package in '/home/donghy/SI190C/src/joint_kinematics_node'
[0.209s] INFO:colcon.colcon_core.shell:Skip shell extension 'powershell' for command environment: Not usable outside of PowerShell
[0.209s] DEBUG:colcon.colcon_core.shell:Skip shell extension 'dsv' for command environment
[0.211s] INFO:colcon.colcon_ros.task.ament_cmake.build:Building ROS package in '/home/donghy/SI190C/src/my_robot' with build type 'ament_cmake'
[0.211s] INFO:colcon.colcon_cmake.task.cmake.build:Building CMake package in '/home/donghy/SI190C/src/my_robot'
[0.211s] INFO:colcon.colcon_core.shell:Skip shell extension 'powershell' for command environment: Not usable outside of PowerShell
[0.211s] DEBUG:colcon.colcon_core.shell:Skip shell extension 'dsv' for command environment
[0.213s] INFO:colcon.colcon_ros.task.ament_cmake.build:Building ROS package in '/home/donghy/SI190C/src/my_urdf_launch' with build type 'ament_cmake'
[0.213s] INFO:colcon.colcon_cmake.task.cmake.build:Building CMake package in '/home/donghy/SI190C/src/my_urdf_launch'
[0.213s] INFO:colcon.colcon_core.shell:Skip shell extension 'powershell' for command environment: Not usable outside of PowerShell
[0.214s] DEBUG:colcon.colcon_core.shell:Skip shell extension 'dsv' for command environment
[0.365s] INFO:colcon.colcon_core.task.python.build:Building Python package in '/home/donghy/SI190C/src/coordination_publisher'
[0.365s] INFO:colcon.colcon_core.shell:Skip shell extension 'powershell' for command environment: Not usable outside of PowerShell
[0.365s] DEBUG:colcon.colcon_core.shell:Skip shell extension 'dsv' for command environment
[0.370s] DEBUG:colcon.colcon_core.event_handler.log_command:Invoking command in '/home/donghy/SI190C/build/joint_comm_node': CMAKE_PREFIX_PATH=${CMAKE_PREFIX_PATH}:/opt/ros/jazzy DEBUGINFOD_URLS=https://debuginfod.ubuntu.com /usr/bin/cmake /home/donghy/SI190C/src/joint_comm_node -DCMAKE_INSTALL_PREFIX=/home/donghy/SI190C/install/joint_comm_node
[0.370s] DEBUG:colcon.colcon_core.event_handler.log_command:Invoking command in '/home/donghy/SI190C/build/joint_kinematics_node': CMAKE_PREFIX_PATH=${CMAKE_PREFIX_PATH}:/opt/ros/jazzy DEBUGINFOD_URLS=https://debuginfod.ubuntu.com /usr/bin/cmake /home/donghy/SI190C/src/joint_kinematics_node -DCMAKE_INSTALL_PREFIX=/home/donghy/SI190C/install/joint_kinematics_node
[0.372s] DEBUG:colcon.colcon_core.event_handler.log_command:Invoking command in '/home/donghy/SI190C/build/my_robot': CMAKE_PREFIX_PATH=${CMAKE_PREFIX_PATH}:/opt/ros/jazzy DEBUGINFOD_URLS=https://debuginfod.ubuntu.com /usr/bin/cmake /home/donghy/SI190C/src/my_robot -DCMAKE_INSTALL_PREFIX=/home/donghy/SI190C/install/my_robot
[0.385s] DEBUG:colcon.colcon_core.event_handler.log_command:Invoking command in '/home/donghy/SI190C/build/my_urdf_launch': CMAKE_PREFIX_PATH=${CMAKE_PREFIX_PATH}:/opt/ros/jazzy DEBUGINFOD_URLS=https://debuginfod.ubuntu.com /usr/bin/cmake /home/donghy/SI190C/src/my_urdf_launch -DCMAKE_INSTALL_PREFIX=/home/donghy/SI190C/install/my_urdf_launch
[1.001s] DEBUG:colcon.colcon_core.event_handler.log_command:Invoking command in '/home/donghy/SI190C/src/coordination_publisher': DEBUGINFOD_URLS=https://debuginfod.ubuntu.com PYTHONPATH=/home/donghy/SI190C/build/coordination_publisher/prefix_override:/usr/lib/python3/dist-packages/colcon_core/task/python/colcon_distutils_commands:/home/donghy/SI190C/install/coordination_publisher/lib/python3.12/site-packages:${PYTHONPATH} /usr/bin/python3 -W ignore:setup.py install is deprecated -W ignore:easy_install command is deprecated setup.py egg_info --egg-base ../../build/coordination_publisher build --build-base /home/donghy/SI190C/build/coordination_publisher/build install --record /home/donghy/SI190C/build/coordination_publisher/install.log --single-version-externally-managed install_data
[1.033s] DEBUG:colcon.colcon_core.event_handler.log_command:Invoked command in '/home/donghy/SI190C/build/my_urdf_launch' returned '0': CMAKE_PREFIX_PATH=${CMAKE_PREFIX_PATH}:/opt/ros/jazzy DEBUGINFOD_URLS=https://debuginfod.ubuntu.com /usr/bin/cmake /home/donghy/SI190C/src/my_urdf_launch -DCMAKE_INSTALL_PREFIX=/home/donghy/SI190C/install/my_urdf_launch
[1.035s] DEBUG:colcon.colcon_core.event_handler.log_command:Invoking command in '/home/donghy/SI190C/build/my_urdf_launch': CMAKE_PREFIX_PATH=${CMAKE_PREFIX_PATH}:/opt/ros/jazzy DEBUGINFOD_URLS=https://debuginfod.ubuntu.com /usr/bin/cmake --build /home/donghy/SI190C/build/my_urdf_launch -- -j12 -l12
[1.053s] DEBUG:colcon.colcon_core.event_handler.log_command:Invoked command in '/home/donghy/SI190C/build/my_robot' returned '0': CMAKE_PREFIX_PATH=${CMAKE_PREFIX_PATH}:/opt/ros/jazzy DEBUGINFOD_URLS=https://debuginfod.ubuntu.com /usr/bin/cmake /home/donghy/SI190C/src/my_robot -DCMAKE_INSTALL_PREFIX=/home/donghy/SI190C/install/my_robot
[1.054s] DEBUG:colcon.colcon_core.event_handler.log_command:Invoking command in '/home/donghy/SI190C/build/my_robot': CMAKE_PREFIX_PATH=${CMAKE_PREFIX_PATH}:/opt/ros/jazzy DEBUGINFOD_URLS=https://debuginfod.ubuntu.com /usr/bin/cmake --build /home/donghy/SI190C/build/my_robot -- -j12 -l12
[1.064s] DEBUG:colcon.colcon_core.event_handler.log_command:Invoked command in '/home/donghy/SI190C/build/my_urdf_launch' returned '0': CMAKE_PREFIX_PATH=${CMAKE_PREFIX_PATH}:/opt/ros/jazzy DEBUGINFOD_URLS=https://debuginfod.ubuntu.com /usr/bin/cmake --build /home/donghy/SI190C/build/my_urdf_launch -- -j12 -l12
[1.072s] DEBUG:colcon.colcon_core.event_handler.log_command:Invoking command in '/home/donghy/SI190C/build/my_urdf_launch': CMAKE_PREFIX_PATH=${CMAKE_PREFIX_PATH}:/opt/ros/jazzy DEBUGINFOD_URLS=https://debuginfod.ubuntu.com /usr/bin/cmake --install /home/donghy/SI190C/build/my_urdf_launch
[1.084s] DEBUG:colcon.colcon_core.event_handler.log_command:Invoked command in '/home/donghy/SI190C/build/my_robot' returned '0': CMAKE_PREFIX_PATH=${CMAKE_PREFIX_PATH}:/opt/ros/jazzy DEBUGINFOD_URLS=https://debuginfod.ubuntu.com /usr/bin/cmake --build /home/donghy/SI190C/build/my_robot -- -j12 -l12
[1.085s] DEBUG:colcon.colcon_core.event_handler.log_command:Invoking command in '/home/donghy/SI190C/build/my_robot': CMAKE_PREFIX_PATH=${CMAKE_PREFIX_PATH}:/opt/ros/jazzy DEBUGINFOD_URLS=https://debuginfod.ubuntu.com /usr/bin/cmake --install /home/donghy/SI190C/build/my_robot
[1.086s] Level 1:colcon.colcon_core.environment:create_environment_scripts_only(my_urdf_launch)
[1.086s] DEBUG:colcon.colcon_core.event_handler.log_command:Invoked command in '/home/donghy/SI190C/build/my_urdf_launch' returned '0': CMAKE_PREFIX_PATH=${CMAKE_PREFIX_PATH}:/opt/ros/jazzy DEBUGINFOD_URLS=https://debuginfod.ubuntu.com /usr/bin/cmake --install /home/donghy/SI190C/build/my_urdf_launch
[1.088s] Level 1:colcon.colcon_core.environment:checking '/home/donghy/SI190C/install/my_urdf_launch' for CMake module files
[1.089s] Level 1:colcon.colcon_core.environment:checking '/home/donghy/SI190C/install/my_urdf_launch' for CMake config files
[1.089s] Level 1:colcon.colcon_core.shell:create_environment_hook('my_urdf_launch', 'cmake_prefix_path')
[1.089s] INFO:colcon.colcon_core.shell:Creating environment hook '/home/donghy/SI190C/install/my_urdf_launch/share/my_urdf_launch/hook/cmake_prefix_path.ps1'
[1.089s] INFO:colcon.colcon_core.shell:Creating environment descriptor '/home/donghy/SI190C/install/my_urdf_launch/share/my_urdf_launch/hook/cmake_prefix_path.dsv'
[1.089s] INFO:colcon.colcon_core.shell:Creating environment hook '/home/donghy/SI190C/install/my_urdf_launch/share/my_urdf_launch/hook/cmake_prefix_path.sh'
[1.090s] Level 1:colcon.colcon_core.environment:checking '/home/donghy/SI190C/install/my_urdf_launch/bin'
[1.090s] Level 1:colcon.colcon_core.environment:checking '/home/donghy/SI190C/install/my_urdf_launch/lib/pkgconfig/my_urdf_launch.pc'
[1.090s] Level 1:colcon.colcon_core.environment:checking '/home/donghy/SI190C/install/my_urdf_launch/lib/python3.12/site-packages'
[1.090s] Level 1:colcon.colcon_core.environment:checking '/home/donghy/SI190C/install/my_urdf_launch/bin'
[1.090s] INFO:colcon.colcon_core.shell:Creating package script '/home/donghy/SI190C/install/my_urdf_launch/share/my_urdf_launch/package.ps1'
[1.091s] INFO:colcon.colcon_core.shell:Creating package descriptor '/home/donghy/SI190C/install/my_urdf_launch/share/my_urdf_launch/package.dsv'
[1.092s] INFO:colcon.colcon_core.shell:Creating package script '/home/donghy/SI190C/install/my_urdf_launch/share/my_urdf_launch/package.sh'
[1.093s] INFO:colcon.colcon_core.shell:Creating package script '/home/donghy/SI190C/install/my_urdf_launch/share/my_urdf_launch/package.bash'
[1.095s] INFO:colcon.colcon_core.shell:Creating package script '/home/donghy/SI190C/install/my_urdf_launch/share/my_urdf_launch/package.zsh'
[1.095s] Level 1:colcon.colcon_core.environment:create_file_with_runtime_dependencies(/home/donghy/SI190C/install/my_urdf_launch/share/colcon-core/packages/my_urdf_launch)
[1.095s] Level 1:colcon.colcon_core.environment:create_environment_scripts_only(my_urdf_launch)
[1.095s] Level 1:colcon.colcon_core.environment:checking '/home/donghy/SI190C/install/my_urdf_launch' for CMake module files
[1.096s] Level 1:colcon.colcon_core.environment:checking '/home/donghy/SI190C/install/my_urdf_launch' for CMake config files
[1.096s] Level 1:colcon.colcon_core.shell:create_environment_hook('my_urdf_launch', 'cmake_prefix_path')
[1.096s] INFO:colcon.colcon_core.shell:Creating environment hook '/home/donghy/SI190C/install/my_urdf_launch/share/my_urdf_launch/hook/cmake_prefix_path.ps1'
[1.096s] INFO:colcon.colcon_core.shell:Creating environment descriptor '/home/donghy/SI190C/install/my_urdf_launch/share/my_urdf_launch/hook/cmake_prefix_path.dsv'
[1.096s] INFO:colcon.colcon_core.shell:Creating environment hook '/home/donghy/SI190C/install/my_urdf_launch/share/my_urdf_launch/hook/cmake_prefix_path.sh'
[1.097s] Level 1:colcon.colcon_core.environment:checking '/home/donghy/SI190C/install/my_urdf_launch/bin'
[1.097s] Level 1:colcon.colcon_core.environment:checking '/home/donghy/SI190C/install/my_urdf_launch/lib/pkgconfig/my_urdf_launch.pc'
[1.097s] Level 1:colcon.colcon_core.environment:checking '/home/donghy/SI190C/install/my_urdf_launch/lib/python3.12/site-packages'
[1.097s] Level 1:colcon.colcon_core.environment:checking '/home/donghy/SI190C/install/my_urdf_launch/bin'
[1.097s] INFO:colcon.colcon_core.shell:Creating package script '/home/donghy/SI190C/install/my_urdf_launch/share/my_urdf_launch/package.ps1'
[1.097s] INFO:colcon.colcon_core.shell:Creating package descriptor '/home/donghy/SI190C/install/my_urdf_launch/share/my_urdf_launch/package.dsv'
[1.098s] INFO:colcon.colcon_core.shell:Creating package script '/home/donghy/SI190C/install/my_urdf_launch/share/my_urdf_launch/package.sh'
[1.098s] INFO:colcon.colcon_core.shell:Creating package script '/home/donghy/SI190C/install/my_urdf_launch/share/my_urdf_launch/package.bash'
[1.098s] INFO:colcon.colcon_core.shell:Creating package script '/home/donghy/SI190C/install/my_urdf_launch/share/my_urdf_launch/package.zsh'
[1.098s] Level 1:colcon.colcon_core.environment:create_file_with_runtime_dependencies(/home/donghy/SI190C/install/my_urdf_launch/share/colcon-core/packages/my_urdf_launch)
[1.099s] Level 1:colcon.colcon_core.environment:create_environment_scripts_only(my_robot)
[1.099s] Level 1:colcon.colcon_core.environment:checking '/home/donghy/SI190C/install/my_robot' for CMake module files
[1.100s] DEBUG:colcon.colcon_core.event_handler.log_command:Invoked command in '/home/donghy/SI190C/build/my_robot' returned '0': CMAKE_PREFIX_PATH=${CMAKE_PREFIX_PATH}:/opt/ros/jazzy DEBUGINFOD_URLS=https://debuginfod.ubuntu.com /usr/bin/cmake --install /home/donghy/SI190C/build/my_robot
[1.100s] Level 1:colcon.colcon_core.environment:checking '/home/donghy/SI190C/install/my_robot' for CMake config files
[1.100s] Level 1:colcon.colcon_core.shell:create_environment_hook('my_robot', 'cmake_prefix_path')
[1.100s] INFO:colcon.colcon_core.shell:Creating environment hook '/home/donghy/SI190C/install/my_robot/share/my_robot/hook/cmake_prefix_path.ps1'
[1.100s] INFO:colcon.colcon_core.shell:Creating environment descriptor '/home/donghy/SI190C/install/my_robot/share/my_robot/hook/cmake_prefix_path.dsv'
[1.101s] INFO:colcon.colcon_core.shell:Creating environment hook '/home/donghy/SI190C/install/my_robot/share/my_robot/hook/cmake_prefix_path.sh'
[1.101s] Level 1:colcon.colcon_core.environment:checking '/home/donghy/SI190C/install/my_robot/bin'
[1.101s] Level 1:colcon.colcon_core.environment:checking '/home/donghy/SI190C/install/my_robot/lib/pkgconfig/my_robot.pc'
[1.101s] Level 1:colcon.colcon_core.environment:checking '/home/donghy/SI190C/install/my_robot/lib/python3.12/site-packages'
[1.101s] Level 1:colcon.colcon_core.environment:checking '/home/donghy/SI190C/install/my_robot/bin'
[1.102s] INFO:colcon.colcon_core.shell:Creating package script '/home/donghy/SI190C/install/my_robot/share/my_robot/package.ps1'
[1.102s] INFO:colcon.colcon_core.shell:Creating package descriptor '/home/donghy/SI190C/install/my_robot/share/my_robot/package.dsv'
[1.102s] INFO:colcon.colcon_core.shell:Creating package script '/home/donghy/SI190C/install/my_robot/share/my_robot/package.sh'
[1.102s] INFO:colcon.colcon_core.shell:Creating package script '/home/donghy/SI190C/install/my_robot/share/my_robot/package.bash'
[1.102s] INFO:colcon.colcon_core.shell:Creating package script '/home/donghy/SI190C/install/my_robot/share/my_robot/package.zsh'
[1.102s] Level 1:colcon.colcon_core.environment:create_file_with_runtime_dependencies(/home/donghy/SI190C/install/my_robot/share/colcon-core/packages/my_robot)
[1.103s] Level 1:colcon.colcon_core.environment:create_environment_scripts_only(my_robot)
[1.103s] Level 1:colcon.colcon_core.environment:checking '/home/donghy/SI190C/install/my_robot' for CMake module files
[1.103s] Level 1:colcon.colcon_core.environment:checking '/home/donghy/SI190C/install/my_robot' for CMake config files
[1.103s] Level 1:colcon.colcon_core.shell:create_environment_hook('my_robot', 'cmake_prefix_path')
[1.103s] INFO:colcon.colcon_core.shell:Creating environment hook '/home/donghy/SI190C/install/my_robot/share/my_robot/hook/cmake_prefix_path.ps1'
[1.104s] INFO:colcon.colcon_core.shell:Creating environment descriptor '/home/donghy/SI190C/install/my_robot/share/my_robot/hook/cmake_prefix_path.dsv'
[1.104s] INFO:colcon.colcon_core.shell:Creating environment hook '/home/donghy/SI190C/install/my_robot/share/my_robot/hook/cmake_prefix_path.sh'
[1.104s] Level 1:colcon.colcon_core.environment:checking '/home/donghy/SI190C/install/my_robot/bin'
[1.104s] Level 1:colcon.colcon_core.environment:checking '/home/donghy/SI190C/install/my_robot/lib/pkgconfig/my_robot.pc'
[1.104s] Level 1:colcon.colcon_core.environment:checking '/home/donghy/SI190C/install/my_robot/lib/python3.12/site-packages'
[1.104s] Level 1:colcon.colcon_core.environment:checking '/home/donghy/SI190C/install/my_robot/bin'
[1.104s] INFO:colcon.colcon_core.shell:Creating package script '/home/donghy/SI190C/install/my_robot/share/my_robot/package.ps1'
[1.105s] INFO:colcon.colcon_core.shell:Creating package descriptor '/home/donghy/SI190C/install/my_robot/share/my_robot/package.dsv'
[1.105s] INFO:colcon.colcon_core.shell:Creating package script '/home/donghy/SI190C/install/my_robot/share/my_robot/package.sh'
[1.105s] INFO:colcon.colcon_core.shell:Creating package script '/home/donghy/SI190C/install/my_robot/share/my_robot/package.bash'
[1.105s] INFO:colcon.colcon_core.shell:Creating package script '/home/donghy/SI190C/install/my_robot/share/my_robot/package.zsh'
[1.106s] Level 1:colcon.colcon_core.environment:create_file_with_runtime_dependencies(/home/donghy/SI190C/install/my_robot/share/colcon-core/packages/my_robot)
[1.437s] Level 1:colcon.colcon_core.environment:checking '/home/donghy/SI190C/install/coordination_publisher' for CMake module files
[1.437s] DEBUG:colcon.colcon_core.event_handler.log_command:Invoked command in '/home/donghy/SI190C/src/coordination_publisher' returned '0': DEBUGINFOD_URLS=https://debuginfod.ubuntu.com PYTHONPATH=/home/donghy/SI190C/build/coordination_publisher/prefix_override:/usr/lib/python3/dist-packages/colcon_core/task/python/colcon_distutils_commands:/home/donghy/SI190C/install/coordination_publisher/lib/python3.12/site-packages:${PYTHONPATH} /usr/bin/python3 -W ignore:setup.py install is deprecated -W ignore:easy_install command is deprecated setup.py egg_info --egg-base ../../build/coordination_publisher build --build-base /home/donghy/SI190C/build/coordination_publisher/build install --record /home/donghy/SI190C/build/coordination_publisher/install.log --single-version-externally-managed install_data
[1.437s] Level 1:colcon.colcon_core.environment:checking '/home/donghy/SI190C/install/coordination_publisher' for CMake config files
[1.438s] Level 1:colcon.colcon_core.environment:checking '/home/donghy/SI190C/install/coordination_publisher/lib'
[1.438s] Level 1:colcon.colcon_core.environment:checking '/home/donghy/SI190C/install/coordination_publisher/bin'
[1.438s] Level 1:colcon.colcon_core.environment:checking '/home/donghy/SI190C/install/coordination_publisher/lib/pkgconfig/coordination_publisher.pc'
[1.438s] Level 1:colcon.colcon_core.environment:checking '/home/donghy/SI190C/install/coordination_publisher/lib/python3.12/site-packages'
[1.438s] Level 1:colcon.colcon_core.shell:create_environment_hook('coordination_publisher', 'pythonpath')
[1.439s] INFO:colcon.colcon_core.shell:Creating environment hook '/home/donghy/SI190C/install/coordination_publisher/share/coordination_publisher/hook/pythonpath.ps1'
[1.439s] INFO:colcon.colcon_core.shell:Creating environment descriptor '/home/donghy/SI190C/install/coordination_publisher/share/coordination_publisher/hook/pythonpath.dsv'
[1.439s] INFO:colcon.colcon_core.shell:Creating environment hook '/home/donghy/SI190C/install/coordination_publisher/share/coordination_publisher/hook/pythonpath.sh'
[1.440s] Level 1:colcon.colcon_core.environment:checking '/home/donghy/SI190C/install/coordination_publisher/bin'
[1.440s] Level 1:colcon.colcon_core.environment:create_environment_scripts_only(coordination_publisher)
[1.440s] INFO:colcon.colcon_core.shell:Creating package script '/home/donghy/SI190C/install/coordination_publisher/share/coordination_publisher/package.ps1'
[1.440s] INFO:colcon.colcon_core.shell:Creating package descriptor '/home/donghy/SI190C/install/coordination_publisher/share/coordination_publisher/package.dsv'
[1.441s] INFO:colcon.colcon_core.shell:Creating package script '/home/donghy/SI190C/install/coordination_publisher/share/coordination_publisher/package.sh'
[1.441s] INFO:colcon.colcon_core.shell:Creating package script '/home/donghy/SI190C/install/coordination_publisher/share/coordination_publisher/package.bash'
[1.441s] INFO:colcon.colcon_core.shell:Creating package script '/home/donghy/SI190C/install/coordination_publisher/share/coordination_publisher/package.zsh'
[1.441s] Level 1:colcon.colcon_core.environment:create_file_with_runtime_dependencies(/home/donghy/SI190C/install/coordination_publisher/share/colcon-core/packages/coordination_publisher)
[1.503s] DEBUG:colcon.colcon_core.event_handler.log_command:Invoked command in '/home/donghy/SI190C/build/joint_kinematics_node' returned '0': CMAKE_PREFIX_PATH=${CMAKE_PREFIX_PATH}:/opt/ros/jazzy DEBUGINFOD_URLS=https://debuginfod.ubuntu.com /usr/bin/cmake /home/donghy/SI190C/src/joint_kinematics_node -DCMAKE_INSTALL_PREFIX=/home/donghy/SI190C/install/joint_kinematics_node
[1.504s] DEBUG:colcon.colcon_core.event_handler.log_command:Invoking command in '/home/donghy/SI190C/build/joint_kinematics_node': CMAKE_PREFIX_PATH=${CMAKE_PREFIX_PATH}:/opt/ros/jazzy DEBUGINFOD_URLS=https://debuginfod.ubuntu.com /usr/bin/cmake --build /home/donghy/SI190C/build/joint_kinematics_node -- -j12 -l12
[1.621s] DEBUG:colcon.colcon_core.event_handler.log_command:Invoked command in '/home/donghy/SI190C/build/joint_comm_node' returned '0': CMAKE_PREFIX_PATH=${CMAKE_PREFIX_PATH}:/opt/ros/jazzy DEBUGINFOD_URLS=https://debuginfod.ubuntu.com /usr/bin/cmake /home/donghy/SI190C/src/joint_comm_node -DCMAKE_INSTALL_PREFIX=/home/donghy/SI190C/install/joint_comm_node
[1.622s] DEBUG:colcon.colcon_core.event_handler.log_command:Invoking command in '/home/donghy/SI190C/build/joint_comm_node': CMAKE_PREFIX_PATH=${CMAKE_PREFIX_PATH}:/opt/ros/jazzy DEBUGINFOD_URLS=https://debuginfod.ubuntu.com /usr/bin/cmake --build /home/donghy/SI190C/build/joint_comm_node -- -j12 -l12
[7.492s] DEBUG:colcon.colcon_core.event_handler.log_command:Invoked command in '/home/donghy/SI190C/build/joint_comm_node' returned '0': CMAKE_PREFIX_PATH=${CMAKE_PREFIX_PATH}:/opt/ros/jazzy DEBUGINFOD_URLS=https://debuginfod.ubuntu.com /usr/bin/cmake --build /home/donghy/SI190C/build/joint_comm_node -- -j12 -l12
[7.493s] DEBUG:colcon.colcon_core.event_handler.log_command:Invoking command in '/home/donghy/SI190C/build/joint_comm_node': CMAKE_PREFIX_PATH=${CMAKE_PREFIX_PATH}:/opt/ros/jazzy DEBUGINFOD_URLS=https://debuginfod.ubuntu.com /usr/bin/cmake --install /home/donghy/SI190C/build/joint_comm_node
[7.502s] Level 1:colcon.colcon_core.environment:create_environment_scripts_only(joint_comm_node)
[7.503s] Level 1:colcon.colcon_core.environment:checking '/home/donghy/SI190C/install/joint_comm_node' for CMake module files
[7.503s] DEBUG:colcon.colcon_core.event_handler.log_command:Invoked command in '/home/donghy/SI190C/build/joint_comm_node' returned '0': CMAKE_PREFIX_PATH=${CMAKE_PREFIX_PATH}:/opt/ros/jazzy DEBUGINFOD_URLS=https://debuginfod.ubuntu.com /usr/bin/cmake --install /home/donghy/SI190C/build/joint_comm_node
[7.503s] Level 1:colcon.colcon_core.environment:checking '/home/donghy/SI190C/install/joint_comm_node' for CMake config files
[7.504s] Level 1:colcon.colcon_core.shell:create_environment_hook('joint_comm_node', 'cmake_prefix_path')
[7.504s] INFO:colcon.colcon_core.shell:Creating environment hook '/home/donghy/SI190C/install/joint_comm_node/share/joint_comm_node/hook/cmake_prefix_path.ps1'
[7.504s] INFO:colcon.colcon_core.shell:Creating environment descriptor '/home/donghy/SI190C/install/joint_comm_node/share/joint_comm_node/hook/cmake_prefix_path.dsv'
[7.504s] INFO:colcon.colcon_core.shell:Creating environment hook '/home/donghy/SI190C/install/joint_comm_node/share/joint_comm_node/hook/cmake_prefix_path.sh'
[7.504s] Level 1:colcon.colcon_core.environment:checking '/home/donghy/SI190C/install/joint_comm_node/lib'
[7.504s] Level 1:colcon.colcon_core.environment:checking '/home/donghy/SI190C/install/joint_comm_node/bin'
[7.505s] Level 1:colcon.colcon_core.environment:checking '/home/donghy/SI190C/install/joint_comm_node/lib/pkgconfig/joint_comm_node.pc'
[7.505s] Level 1:colcon.colcon_core.environment:checking '/home/donghy/SI190C/install/joint_comm_node/lib/python3.12/site-packages'
[7.505s] Level 1:colcon.colcon_core.environment:checking '/home/donghy/SI190C/install/joint_comm_node/bin'
[7.505s] INFO:colcon.colcon_core.shell:Creating package script '/home/donghy/SI190C/install/joint_comm_node/share/joint_comm_node/package.ps1'
[7.505s] INFO:colcon.colcon_core.shell:Creating package descriptor '/home/donghy/SI190C/install/joint_comm_node/share/joint_comm_node/package.dsv'
[7.505s] INFO:colcon.colcon_core.shell:Creating package script '/home/donghy/SI190C/install/joint_comm_node/share/joint_comm_node/package.sh'
[7.506s] INFO:colcon.colcon_core.shell:Creating package script '/home/donghy/SI190C/install/joint_comm_node/share/joint_comm_node/package.bash'
[7.506s] INFO:colcon.colcon_core.shell:Creating package script '/home/donghy/SI190C/install/joint_comm_node/share/joint_comm_node/package.zsh'
[7.506s] Level 1:colcon.colcon_core.environment:create_file_with_runtime_dependencies(/home/donghy/SI190C/install/joint_comm_node/share/colcon-core/packages/joint_comm_node)
[7.506s] Level 1:colcon.colcon_core.environment:create_environment_scripts_only(joint_comm_node)
[7.506s] Level 1:colcon.colcon_core.environment:checking '/home/donghy/SI190C/install/joint_comm_node' for CMake module files
[7.506s] Level 1:colcon.colcon_core.environment:checking '/home/donghy/SI190C/install/joint_comm_node' for CMake config files
[7.507s] Level 1:colcon.colcon_core.shell:create_environment_hook('joint_comm_node', 'cmake_prefix_path')
[7.507s] INFO:colcon.colcon_core.shell:Creating environment hook '/home/donghy/SI190C/install/joint_comm_node/share/joint_comm_node/hook/cmake_prefix_path.ps1'
[7.507s] INFO:colcon.colcon_core.shell:Creating environment descriptor '/home/donghy/SI190C/install/joint_comm_node/share/joint_comm_node/hook/cmake_prefix_path.dsv'
[7.507s] INFO:colcon.colcon_core.shell:Creating environment hook '/home/donghy/SI190C/install/joint_comm_node/share/joint_comm_node/hook/cmake_prefix_path.sh'
[7.507s] Level 1:colcon.colcon_core.environment:checking '/home/donghy/SI190C/install/joint_comm_node/lib'
[7.507s] Level 1:colcon.colcon_core.environment:checking '/home/donghy/SI190C/install/joint_comm_node/bin'
[7.507s] Level 1:colcon.colcon_core.environment:checking '/home/donghy/SI190C/install/joint_comm_node/lib/pkgconfig/joint_comm_node.pc'
[7.508s] Level 1:colcon.colcon_core.environment:checking '/home/donghy/SI190C/install/joint_comm_node/lib/python3.12/site-packages'
[7.508s] Level 1:colcon.colcon_core.environment:checking '/home/donghy/SI190C/install/joint_comm_node/bin'
[7.508s] INFO:colcon.colcon_core.shell:Creating package script '/home/donghy/SI190C/install/joint_comm_node/share/joint_comm_node/package.ps1'
[7.508s] INFO:colcon.colcon_core.shell:Creating package descriptor '/home/donghy/SI190C/install/joint_comm_node/share/joint_comm_node/package.dsv'
[7.508s] INFO:colcon.colcon_core.shell:Creating package script '/home/donghy/SI190C/install/joint_comm_node/share/joint_comm_node/package.sh'
[7.508s] INFO:colcon.colcon_core.shell:Creating package script '/home/donghy/SI190C/install/joint_comm_node/share/joint_comm_node/package.bash'
[7.509s] INFO:colcon.colcon_core.shell:Creating package script '/home/donghy/SI190C/install/joint_comm_node/share/joint_comm_node/package.zsh'
[7.509s] Level 1:colcon.colcon_core.environment:create_file_with_runtime_dependencies(/home/donghy/SI190C/install/joint_comm_node/share/colcon-core/packages/joint_comm_node)
[9.975s] DEBUG:colcon.colcon_core.event_handler.log_command:Invoked command in '/home/donghy/SI190C/build/joint_kinematics_node' returned '0': CMAKE_PREFIX_PATH=${CMAKE_PREFIX_PATH}:/opt/ros/jazzy DEBUGINFOD_URLS=https://debuginfod.ubuntu.com /usr/bin/cmake --build /home/donghy/SI190C/build/joint_kinematics_node -- -j12 -l12
[9.976s] DEBUG:colcon.colcon_core.event_handler.log_command:Invoking command in '/home/donghy/SI190C/build/joint_kinematics_node': CMAKE_PREFIX_PATH=${CMAKE_PREFIX_PATH}:/opt/ros/jazzy DEBUGINFOD_URLS=https://debuginfod.ubuntu.com /usr/bin/cmake --install /home/donghy/SI190C/build/joint_kinematics_node
[9.989s] Level 1:colcon.colcon_core.environment:create_environment_scripts_only(joint_kinematics_node)
[9.989s] Level 1:colcon.colcon_core.environment:checking '/home/donghy/SI190C/install/joint_kinematics_node' for CMake module files
[9.989s] DEBUG:colcon.colcon_core.event_handler.log_command:Invoked command in '/home/donghy/SI190C/build/joint_kinematics_node' returned '0': CMAKE_PREFIX_PATH=${CMAKE_PREFIX_PATH}:/opt/ros/jazzy DEBUGINFOD_URLS=https://debuginfod.ubuntu.com /usr/bin/cmake --install /home/donghy/SI190C/build/joint_kinematics_node
[9.989s] Level 1:colcon.colcon_core.environment:checking '/home/donghy/SI190C/install/joint_kinematics_node' for CMake config files
[9.990s] Level 1:colcon.colcon_core.shell:create_environment_hook('joint_kinematics_node', 'cmake_prefix_path')
[9.990s] INFO:colcon.colcon_core.shell:Creating environment hook '/home/donghy/SI190C/install/joint_kinematics_node/share/joint_kinematics_node/hook/cmake_prefix_path.ps1'
[9.990s] INFO:colcon.colcon_core.shell:Creating environment descriptor '/home/donghy/SI190C/install/joint_kinematics_node/share/joint_kinematics_node/hook/cmake_prefix_path.dsv'
[9.990s] INFO:colcon.colcon_core.shell:Creating environment hook '/home/donghy/SI190C/install/joint_kinematics_node/share/joint_kinematics_node/hook/cmake_prefix_path.sh'
[9.990s] Level 1:colcon.colcon_core.environment:checking '/home/donghy/SI190C/install/joint_kinematics_node/lib'
[9.990s] Level 1:colcon.colcon_core.environment:checking '/home/donghy/SI190C/install/joint_kinematics_node/bin'
[9.990s] Level 1:colcon.colcon_core.environment:checking '/home/donghy/SI190C/install/joint_kinematics_node/lib/pkgconfig/joint_kinematics_node.pc'
[9.991s] Level 1:colcon.colcon_core.environment:checking '/home/donghy/SI190C/install/joint_kinematics_node/lib/python3.12/site-packages'
[9.991s] Level 1:colcon.colcon_core.environment:checking '/home/donghy/SI190C/install/joint_kinematics_node/bin'
[9.991s] INFO:colcon.colcon_core.shell:Creating package script '/home/donghy/SI190C/install/joint_kinematics_node/share/joint_kinematics_node/package.ps1'
[9.991s] INFO:colcon.colcon_core.shell:Creating package descriptor '/home/donghy/SI190C/install/joint_kinematics_node/share/joint_kinematics_node/package.dsv'
[9.991s] INFO:colcon.colcon_core.shell:Creating package script '/home/donghy/SI190C/install/joint_kinematics_node/share/joint_kinematics_node/package.sh'
[9.991s] INFO:colcon.colcon_core.shell:Creating package script '/home/donghy/SI190C/install/joint_kinematics_node/share/joint_kinematics_node/package.bash'
[9.992s] INFO:colcon.colcon_core.shell:Creating package script '/home/donghy/SI190C/install/joint_kinematics_node/share/joint_kinematics_node/package.zsh'
[9.992s] Level 1:colcon.colcon_core.environment:create_file_with_runtime_dependencies(/home/donghy/SI190C/install/joint_kinematics_node/share/colcon-core/packages/joint_kinematics_node)
[9.992s] Level 1:colcon.colcon_core.environment:create_environment_scripts_only(joint_kinematics_node)
[9.992s] Level 1:colcon.colcon_core.environment:checking '/home/donghy/SI190C/install/joint_kinematics_node' for CMake module files
[9.992s] Level 1:colcon.colcon_core.environment:checking '/home/donghy/SI190C/install/joint_kinematics_node' for CMake config files
[9.992s] Level 1:colcon.colcon_core.shell:create_environment_hook('joint_kinematics_node', 'cmake_prefix_path')
[9.992s] INFO:colcon.colcon_core.shell:Creating environment hook '/home/donghy/SI190C/install/joint_kinematics_node/share/joint_kinematics_node/hook/cmake_prefix_path.ps1'
[9.993s] INFO:colcon.colcon_core.shell:Creating environment descriptor '/home/donghy/SI190C/install/joint_kinematics_node/share/joint_kinematics_node/hook/cmake_prefix_path.dsv'
[9.993s] INFO:colcon.colcon_core.shell:Creating environment hook '/home/donghy/SI190C/install/joint_kinematics_node/share/joint_kinematics_node/hook/cmake_prefix_path.sh'
[9.993s] Level 1:colcon.colcon_core.environment:checking '/home/donghy/SI190C/install/joint_kinematics_node/lib'
[9.993s] Level 1:colcon.colcon_core.environment:checking '/home/donghy/SI190C/install/joint_kinematics_node/bin'
[9.993s] Level 1:colcon.colcon_core.environment:checking '/home/donghy/SI190C/install/joint_kinematics_node/lib/pkgconfig/joint_kinematics_node.pc'
[9.993s] Level 1:colcon.colcon_core.environment:checking '/home/donghy/SI190C/install/joint_kinematics_node/lib/python3.12/site-packages'
[9.993s] Level 1:colcon.colcon_core.environment:checking '/home/donghy/SI190C/install/joint_kinematics_node/bin'
[9.994s] INFO:colcon.colcon_core.shell:Creating package script '/home/donghy/SI190C/install/joint_kinematics_node/share/joint_kinematics_node/package.ps1'
[9.994s] INFO:colcon.colcon_core.shell:Creating package descriptor '/home/donghy/SI190C/install/joint_kinematics_node/share/joint_kinematics_node/package.dsv'
[9.994s] INFO:colcon.colcon_core.shell:Creating package script '/home/donghy/SI190C/install/joint_kinematics_node/share/joint_kinematics_node/package.sh'
[9.994s] INFO:colcon.colcon_core.shell:Creating package script '/home/donghy/SI190C/install/joint_kinematics_node/share/joint_kinematics_node/package.bash'
[9.994s] INFO:colcon.colcon_core.shell:Creating package script '/home/donghy/SI190C/install/joint_kinematics_node/share/joint_kinematics_node/package.zsh'
[9.995s] Level 1:colcon.colcon_core.environment:create_file_with_runtime_dependencies(/home/donghy/SI190C/install/joint_kinematics_node/share/colcon-core/packages/joint_kinematics_node)
[9.995s] DEBUG:colcon.colcon_parallel_executor.executor.parallel:closing loop
[9.995s] DEBUG:colcon.colcon_parallel_executor.executor.parallel:loop closed
[9.995s] DEBUG:colcon.colcon_parallel_executor.executor.parallel:run_until_complete finished with '0'
[9.995s] DEBUG:colcon.colcon_core.event_reactor:joining thread
[9.999s] INFO:colcon.colcon_core.plugin_system:Skipping extension 'colcon_notification.desktop_notification.terminal_notifier': Not used on non-Darwin systems
[9.999s] INFO:colcon.colcon_core.plugin_system:Skipping extension 'colcon_notification.desktop_notification.win32': Not used on non-Windows systems
[9.999s] INFO:colcon.colcon_notification.desktop_notification:Sending desktop notification using 'notify2'
[10.016s] DEBUG:colcon.colcon_core.event_reactor:joined thread
[10.017s] INFO:colcon.colcon_core.shell:Creating prefix script '/home/donghy/SI190C/install/local_setup.ps1'
[10.017s] INFO:colcon.colcon_core.shell:Creating prefix util module '/home/donghy/SI190C/install/_local_setup_util_ps1.py'
[10.018s] INFO:colcon.colcon_core.shell:Creating prefix chain script '/home/donghy/SI190C/install/setup.ps1'
[10.019s] INFO:colcon.colcon_core.shell:Creating prefix script '/home/donghy/SI190C/install/local_setup.sh'
[10.019s] INFO:colcon.colcon_core.shell:Creating prefix util module '/home/donghy/SI190C/install/_local_setup_util_sh.py'
[10.019s] INFO:colcon.colcon_core.shell:Creating prefix chain script '/home/donghy/SI190C/install/setup.sh'
[10.020s] INFO:colcon.colcon_core.shell:Creating prefix script '/home/donghy/SI190C/install/local_setup.bash'
[10.020s] INFO:colcon.colcon_core.shell:Creating prefix chain script '/home/donghy/SI190C/install/setup.bash'
[10.021s] INFO:colcon.colcon_core.shell:Creating prefix script '/home/donghy/SI190C/install/local_setup.zsh'
[10.021s] INFO:colcon.colcon_core.shell:Creating prefix chain script '/home/donghy/SI190C/install/setup.zsh'
