-- The C compiler identification is GNU 13.3.0
-- The CXX compiler identification is GNU 13.3.0
-- Detecting C compiler ABI info
-- Detecting C compiler ABI info - done
-- Check for working C compiler: /usr/bin/cc - skipped
-- Detecting C compile features
-- Detecting C compile features - done
-- Detecting CXX compiler ABI info
-- Detecting CXX compiler ABI info - done
-- Check for working CXX compiler: /usr/bin/c++ - skipped
-- Detecting CXX compile features
-- Detecting CXX compile features - done
-- Found ament_cmake: 2.5.3 (/opt/ros/jazzy/share/ament_cmake/cmake)
-- Found Python3: /usr/bin/python3 (found version "3.12.3") found components: Interpreter 
-- Configuring done (0.6s)
-- Generating done (0.0s)
-- Build files have been written to: /home/donghy/SI190C/build/my_urdf_launch
-- Install configuration: ""
-- Installing: /home/donghy/SI190C/install/my_urdf_launch/share/my_urdf_launch/config
-- Installing: /home/donghy/SI190C/install/my_urdf_launch/share/my_urdf_launch/config/urdf.rviz
-- Installing: /home/donghy/SI190C/install/my_urdf_launch/share/my_urdf_launch/launch
-- Installing: /home/donghy/SI190C/install/my_urdf_launch/share/my_urdf_launch/launch/description.launch.py
-- Installing: /home/donghy/SI190C/install/my_urdf_launch/share/my_urdf_launch/launch/display.launch.py
-- Installing: /home/donghy/SI190C/install/my_urdf_launch/share/my_urdf_launch/launch/pose.launch.py
-- Installing: /home/donghy/SI190C/install/my_urdf_launch/share/ament_index/resource_index/package_run_dependencies/my_urdf_launch
-- Installing: /home/donghy/SI190C/install/my_urdf_launch/share/ament_index/resource_index/parent_prefix_path/my_urdf_launch
-- Installing: /home/donghy/SI190C/install/my_urdf_launch/share/my_urdf_launch/environment/ament_prefix_path.sh
-- Installing: /home/donghy/SI190C/install/my_urdf_launch/share/my_urdf_launch/environment/ament_prefix_path.dsv
-- Installing: /home/donghy/SI190C/install/my_urdf_launch/share/my_urdf_launch/environment/path.sh
-- Installing: /home/donghy/SI190C/install/my_urdf_launch/share/my_urdf_launch/environment/path.dsv
-- Installing: /home/donghy/SI190C/install/my_urdf_launch/share/my_urdf_launch/local_setup.bash
-- Installing: /home/donghy/SI190C/install/my_urdf_launch/share/my_urdf_launch/local_setup.sh
-- Installing: /home/donghy/SI190C/install/my_urdf_launch/share/my_urdf_launch/local_setup.zsh
-- Installing: /home/donghy/SI190C/install/my_urdf_launch/share/my_urdf_launch/local_setup.dsv
-- Installing: /home/donghy/SI190C/install/my_urdf_launch/share/my_urdf_launch/package.dsv
-- Installing: /home/donghy/SI190C/install/my_urdf_launch/share/ament_index/resource_index/packages/my_urdf_launch
-- Installing: /home/donghy/SI190C/install/my_urdf_launch/share/my_urdf_launch/cmake/my_urdf_launchConfig.cmake
-- Installing: /home/donghy/SI190C/install/my_urdf_launch/share/my_urdf_launch/cmake/my_urdf_launchConfig-version.cmake
-- Installing: /home/donghy/SI190C/install/my_urdf_launch/share/my_urdf_launch/package.xml
