[0.172s] Invoking command in '/home/donghy/SI190C/build/my_urdf_launch': CMAKE_PREFIX_PATH=${CMAKE_PREFIX_PATH}:/opt/ros/jazzy DEBUGINFOD_URLS=https://debuginfod.ubuntu.com /usr/bin/cmake /home/donghy/SI190C/src/my_urdf_launch -DCMAKE_INSTALL_PREFIX=/home/donghy/SI190C/install/my_urdf_launch
[0.239s] -- The C compiler identification is GNU 13.3.0
[0.297s] -- The CXX compiler identification is GNU 13.3.0
[0.312s] -- Detecting C compiler ABI info
[0.377s] -- Detecting C compiler ABI info - done
[0.383s] -- Check for working C compiler: /usr/bin/cc - skipped
[0.384s] -- Detecting C compile features
[0.384s] -- Detecting C compile features - done
[0.392s] -- Detecting CXX compiler ABI info
[0.476s] -- Detecting CXX compiler ABI info - done
[0.486s] -- Check for working CXX compiler: /usr/bin/c++ - skipped
[0.486s] -- Detecting CXX compile features
[0.487s] -- Detecting CXX compile features - done
[0.494s] -- Found ament_cmake: 2.5.3 (/opt/ros/jazzy/share/ament_cmake/cmake)
[0.627s] -- Found Python3: /usr/bin/python3 (found version "3.12.3") found components: Interpreter 
[0.812s] -- Configuring done (0.6s)
[0.814s] -- Generating done (0.0s)
[0.815s] -- Build files have been written to: /home/donghy/SI190C/build/my_urdf_launch
[0.820s] Invoked command in '/home/donghy/SI190C/build/my_urdf_launch' returned '0': CMAKE_PREFIX_PATH=${CMAKE_PREFIX_PATH}:/opt/ros/jazzy DEBUGINFOD_URLS=https://debuginfod.ubuntu.com /usr/bin/cmake /home/donghy/SI190C/src/my_urdf_launch -DCMAKE_INSTALL_PREFIX=/home/donghy/SI190C/install/my_urdf_launch
[0.821s] Invoking command in '/home/donghy/SI190C/build/my_urdf_launch': CMAKE_PREFIX_PATH=${CMAKE_PREFIX_PATH}:/opt/ros/jazzy DEBUGINFOD_URLS=https://debuginfod.ubuntu.com /usr/bin/cmake --build /home/donghy/SI190C/build/my_urdf_launch -- -j12 -l12
[0.850s] Invoked command in '/home/donghy/SI190C/build/my_urdf_launch' returned '0': CMAKE_PREFIX_PATH=${CMAKE_PREFIX_PATH}:/opt/ros/jazzy DEBUGINFOD_URLS=https://debuginfod.ubuntu.com /usr/bin/cmake --build /home/donghy/SI190C/build/my_urdf_launch -- -j12 -l12
[0.859s] Invoking command in '/home/donghy/SI190C/build/my_urdf_launch': CMAKE_PREFIX_PATH=${CMAKE_PREFIX_PATH}:/opt/ros/jazzy DEBUGINFOD_URLS=https://debuginfod.ubuntu.com /usr/bin/cmake --install /home/donghy/SI190C/build/my_urdf_launch
[0.867s] -- Install configuration: ""
[0.868s] -- Installing: /home/donghy/SI190C/install/my_urdf_launch/share/my_urdf_launch/config
[0.868s] -- Installing: /home/donghy/SI190C/install/my_urdf_launch/share/my_urdf_launch/config/urdf.rviz
[0.868s] -- Installing: /home/donghy/SI190C/install/my_urdf_launch/share/my_urdf_launch/launch
[0.868s] -- Installing: /home/donghy/SI190C/install/my_urdf_launch/share/my_urdf_launch/launch/description.launch.py
[0.868s] -- Installing: /home/donghy/SI190C/install/my_urdf_launch/share/my_urdf_launch/launch/display.launch.py
[0.868s] -- Installing: /home/donghy/SI190C/install/my_urdf_launch/share/my_urdf_launch/launch/pose.launch.py
[0.868s] -- Installing: /home/donghy/SI190C/install/my_urdf_launch/share/ament_index/resource_index/package_run_dependencies/my_urdf_launch
[0.868s] -- Installing: /home/donghy/SI190C/install/my_urdf_launch/share/ament_index/resource_index/parent_prefix_path/my_urdf_launch
[0.869s] -- Installing: /home/donghy/SI190C/install/my_urdf_launch/share/my_urdf_launch/environment/ament_prefix_path.sh
[0.869s] -- Installing: /home/donghy/SI190C/install/my_urdf_launch/share/my_urdf_launch/environment/ament_prefix_path.dsv
[0.869s] -- Installing: /home/donghy/SI190C/install/my_urdf_launch/share/my_urdf_launch/environment/path.sh
[0.869s] -- Installing: /home/donghy/SI190C/install/my_urdf_launch/share/my_urdf_launch/environment/path.dsv
[0.869s] -- Installing: /home/donghy/SI190C/install/my_urdf_launch/share/my_urdf_launch/local_setup.bash
[0.869s] -- Installing: /home/donghy/SI190C/install/my_urdf_launch/share/my_urdf_launch/local_setup.sh
[0.869s] -- Installing: /home/donghy/SI190C/install/my_urdf_launch/share/my_urdf_launch/local_setup.zsh
[0.869s] -- Installing: /home/donghy/SI190C/install/my_urdf_launch/share/my_urdf_launch/local_setup.dsv
[0.869s] -- Installing: /home/donghy/SI190C/install/my_urdf_launch/share/my_urdf_launch/package.dsv
[0.870s] -- Installing: /home/donghy/SI190C/install/my_urdf_launch/share/ament_index/resource_index/packages/my_urdf_launch
[0.870s] -- Installing: /home/donghy/SI190C/install/my_urdf_launch/share/my_urdf_launch/cmake/my_urdf_launchConfig.cmake
[0.870s] -- Installing: /home/donghy/SI190C/install/my_urdf_launch/share/my_urdf_launch/cmake/my_urdf_launchConfig-version.cmake
[0.870s] -- Installing: /home/donghy/SI190C/install/my_urdf_launch/share/my_urdf_launch/package.xml
[0.873s] Invoked command in '/home/donghy/SI190C/build/my_urdf_launch' returned '0': CMAKE_PREFIX_PATH=${CMAKE_PREFIX_PATH}:/opt/ros/jazzy DEBUGINFOD_URLS=https://debuginfod.ubuntu.com /usr/bin/cmake --install /home/donghy/SI190C/build/my_urdf_launch
